#
# A fatal error has been detected by the Java Runtime Environment:
#
#  Internal Error (generateOopMap.cpp:2159), pid=12708, tid=13944
#  fatal error: Illegal class file encountered. Try running with -Xverify:all in method <init>
#
# JRE version: OpenJDK Runtime Environment Temurin-17.0.2+8 (17.0.2+8) (build 17.0.2+8)
# Java VM: OpenJDK 64-Bit Server VM Temurin-17.0.2+8 (17.0.2+8, mixed mode, tiered, compressed oops, compressed class ptrs, g1 gc, windows-amd64)
# No core dump will be written. Minidumps are not enabled by default on client versions of Windows
#
# If you would like to submit a bug report, please visit:
#   https://github.com/adoptium/adoptium-support/issues
#

---------------  S U M M A R Y ------------

Command Line: -XX:+ShowCodeDetailsInExceptionMessages -agentlib:jdwp=transport=dt_socket,suspend=y,address=localhost:56048 -javaagent:C:\Users\hp\eclipse\java-2022-03\eclipse\configuration\org.eclipse.osgi\225\0\.cp\lib\javaagent-shaded.jar -Dfile.encoding=Cp1252 accesstopostgre.Application

Host: Intel(R) Core(TM) i7-9750H CPU @ 2.60GHz, 12 cores, 15G,  Windows 10 , 64 bit Build 19041 (10.0.19041.1645)
Time: Thu Jun  2 22:57:25 2022 Maroc (heure d64 bit Build 19041 (10.0.19041.1645) elapsed time: 645.967625 seconds (0d 0h 10m 45s)

---------------  T H R E A D  ---------------

Current thread (0x000001c4b501b490):  VMThread "VM Thread" [stack: 0x000000ae51500000,0x000000ae51600000] [id=13944]

Stack: [0x000000ae51500000,0x000000ae51600000]
Native frames: (J=compiled Java code, j=interpreted, Vv=VM code, C=native code)
V  [jvm.dll+0x67564a]
V  [jvm.dll+0x82fc04]
V  [jvm.dll+0x8313ae]
V  [jvm.dll+0x244f5f]
V  [jvm.dll+0x339704]
V  [jvm.dll+0x3364c4]
V  [jvm.dll+0x33567b]
V  [jvm.dll+0x334a57]
V  [jvm.dll+0x663d2a]
V  [jvm.dll+0x663a43]
V  [jvm.dll+0x628398]
V  [jvm.dll+0x826eb5]
V  [jvm.dll+0x525c76]
V  [jvm.dll+0x835ebb]
V  [jvm.dll+0x836bf4]
V  [jvm.dll+0x83710c]
V  [jvm.dll+0x8374e4]
V  [jvm.dll+0x8375b0]
V  [jvm.dll+0x7dff2a]
V  [jvm.dll+0x6744d5]
C  [ucrtbase.dll+0x21bb2]
C  [KERNEL32.DLL+0x17034]
C  [ntdll.dll+0x52651]

VM_Operation (0x000000ae520ff410): get/set locals, mode: safepoint, requested by thread 0x000001c4b5387860


---------------  P R O C E S S  ---------------

Threads class SMR info:
_java_thread_list=0x000001c4b71521f0, length=23, elements={
0x000001c4b5041430, 0x000001c4b5042750, 0x000001c4b44fe400, 0x000001c4b506b000,
0x000001c4b506c060, 0x000001c4b5071d70, 0x000001c4b5084730, 0x000001c4b5086380,
0x000001c4b5089470, 0x000001c4b51c13f0, 0x000001c4b5387860, 0x000001c4b5313fc0,
0x000001c4b531a860, 0x000001c4b58b3df0, 0x000001c4b5b21740, 0x000001c4b5b21c10,
0x000001c4b5b24900, 0x000001c4b5d3b6f0, 0x000001c4935508a0, 0x000001c4b5358e10,
0x000001c4b5cfa520, 0x000001c4b53fe2c0, 0x000001c4bbbffcf0
}

Java Threads: ( => current thread )
  0x000001c4b5041430 JavaThread "Reference Handler" daemon [_thread_blocked, id=10260, stack(0x000000ae51600000,0x000000ae51700000)]
  0x000001c4b5042750 JavaThread "Finalizer" daemon [_thread_blocked, id=16480, stack(0x000000ae51700000,0x000000ae51800000)]
  0x000001c4b44fe400 JavaThread "Signal Dispatcher" daemon [_thread_blocked, id=6012, stack(0x000000ae51800000,0x000000ae51900000)]
  0x000001c4b506b000 JavaThread "Attach Listener" daemon [_thread_blocked, id=11208, stack(0x000000ae51900000,0x000000ae51a00000)]
  0x000001c4b506c060 JavaThread "Service Thread" daemon [_thread_blocked, id=9116, stack(0x000000ae51a00000,0x000000ae51b00000)]
  0x000001c4b5071d70 JavaThread "Monitor Deflation Thread" daemon [_thread_blocked, id=20188, stack(0x000000ae51b00000,0x000000ae51c00000)]
  0x000001c4b5084730 JavaThread "C2 CompilerThread0" daemon [_thread_blocked, id=16412, stack(0x000000ae51c00000,0x000000ae51d00000)]
  0x000001c4b5086380 JavaThread "C1 CompilerThread0" daemon [_thread_blocked, id=4508, stack(0x000000ae51d00000,0x000000ae51e00000)]
  0x000001c4b5089470 JavaThread "Sweeper thread" daemon [_thread_blocked, id=16148, stack(0x000000ae51e00000,0x000000ae51f00000)]
  0x000001c4b51c13f0 JavaThread "Common-Cleaner" daemon [_thread_blocked, id=8540, stack(0x000000ae51f00000,0x000000ae52000000)]
  0x000001c4b5387860 JavaThread "JDWP Transport Listener: dt_socket" daemon [_thread_blocked, id=12900, stack(0x000000ae52000000,0x000000ae52100000)]
  0x000001c4b5313fc0 JavaThread "JDWP Event Helper Thread" daemon [_thread_blocked, id=1724, stack(0x000000ae52100000,0x000000ae52200000)]
  0x000001c4b531a860 JavaThread "JDWP Command Reader" daemon [_thread_in_native, id=15084, stack(0x000000ae52200000,0x000000ae52300000)]
  0x000001c4b58b3df0 JavaThread "Notification Thread" daemon [_thread_blocked, id=4672, stack(0x000000ae52300000,0x000000ae52400000)]
  0x000001c4b5b21740 JavaThread "Java2D Disposer" daemon [_thread_blocked, id=2980, stack(0x000000ae52600000,0x000000ae52700000)]
  0x000001c4b5b21c10 JavaThread "AWT-Shutdown" [_thread_blocked, id=19360, stack(0x000000ae52700000,0x000000ae52800000)]
  0x000001c4b5b24900 JavaThread "AWT-Windows" daemon [_thread_in_native, id=16144, stack(0x000000ae52800000,0x000000ae52900000)]
  0x000001c4b5d3b6f0 JavaThread "AWT-EventQueue-0" [_thread_blocked, id=14876, stack(0x000000ae52900000,0x000000ae52a00000)]
  0x000001c4935508a0 JavaThread "DestroyJavaVM" [_thread_blocked, id=16524, stack(0x000000ae50f00000,0x000000ae51000000)]
  0x000001c4b5358e10 JavaThread "D3D Screen Updater" daemon [_thread_blocked, id=10332, stack(0x000000ae53600000,0x000000ae53700000)]
  0x000001c4b5cfa520 JavaThread "TimerQueue" daemon [_thread_blocked, id=2876, stack(0x000000ae54100000,0x000000ae54200000)]
  0x000001c4b53fe2c0 JavaThread "Swing-Shell" daemon [_thread_blocked, id=14324, stack(0x000000ae52500000,0x000000ae52600000)]
  0x000001c4bbbffcf0 JavaThread "MemoryTimer-Database1.accdb" daemon [_thread_blocked, id=13812, stack(0x000000ae54500000,0x000000ae54600000)]

Other Threads:
=>0x000001c4b501b490 VMThread "VM Thread" [stack: 0x000000ae51500000,0x000000ae51600000] [id=13944]
  0x000001c4b57cd600 WatcherThread [stack: 0x000000ae52400000,0x000000ae52500000] [id=7972]
  0x000001c4935a18f0 GCTaskThread "GC Thread#0" [stack: 0x000000ae51000000,0x000000ae51100000] [id=19420]
  0x000001c4b75e9bc0 GCTaskThread "GC Thread#1" [stack: 0x000000ae52d00000,0x000000ae52e00000] [id=3948]
  0x000001c4b76683d0 GCTaskThread "GC Thread#2" [stack: 0x000000ae52e00000,0x000000ae52f00000] [id=16748]
  0x000001c4b7668680 GCTaskThread "GC Thread#3" [stack: 0x000000ae52f00000,0x000000ae53000000] [id=2228]
  0x000001c4b7668930 GCTaskThread "GC Thread#4" [stack: 0x000000ae53000000,0x000000ae53100000] [id=1100]
  0x000001c4b76cd9b0 GCTaskThread "GC Thread#5" [stack: 0x000000ae53100000,0x000000ae53200000] [id=11452]
  0x000001c4b76ce9d0 GCTaskThread "GC Thread#6" [stack: 0x000000ae53200000,0x000000ae53300000] [id=3548]
  0x000001c4b76cec80 GCTaskThread "GC Thread#7" [stack: 0x000000ae53300000,0x000000ae53400000] [id=19976]
  0x000001c4b76cef30 GCTaskThread "GC Thread#8" [stack: 0x000000ae53400000,0x000000ae53500000] [id=11164]
  0x000001c4b76cd450 GCTaskThread "GC Thread#9" [stack: 0x000000ae53500000,0x000000ae53600000] [id=18356]
  0x000001c4935b3560 ConcurrentGCThread "G1 Main Marker" [stack: 0x000000ae51100000,0x000000ae51200000] [id=12888]
  0x000001c4935b5630 ConcurrentGCThread "G1 Conc#0" [stack: 0x000000ae51200000,0x000000ae51300000] [id=18520]
  0x000001c4b76cdc60 ConcurrentGCThread "G1 Conc#1" [stack: 0x000000ae54200000,0x000000ae54300000] [id=1076]
  0x000001c4b76ce1c0 ConcurrentGCThread "G1 Conc#2" [stack: 0x000000ae54300000,0x000000ae54400000] [id=9836]
  0x000001c4b43650f0 ConcurrentGCThread "G1 Refine#0" [stack: 0x000000ae51300000,0x000000ae51400000] [id=19796]
  0x000001c4b4365a20 ConcurrentGCThread "G1 Service" [stack: 0x000000ae51400000,0x000000ae51500000] [id=5128]

Threads with active compile tasks:

VM state: at safepoint (normal execution)

VM Mutex/Monitor currently owned by a thread:  ([mutex/lock_event])
[0x000001c49354ca40] Threads_lock - owner thread: 0x000001c4b501b490

Heap address: 0x0000000701e00000, size: 4066 MB, Compressed Oops mode: Zero based, Oop shift amount: 3

CDS archive(s) not mapped
Compressed class space mapped at: 0x0000000800000000-0x0000000840000000, reserved size: 1073741824
Narrow klass base: 0x0000000800000000, Narrow klass shift: 0, Narrow klass range: 0x40000000

GC Precious Log:
 CPUs: 12 total, 12 available
 Memory: 16258M
 Large Page Support: Disabled
 NUMA Support: Disabled
 Compressed Oops: Enabled (Zero based)
 Heap Region Size: 2M
 Heap Min Capacity: 8M
 Heap Initial Capacity: 256M
 Heap Max Capacity: 4066M
 Pre-touch: Disabled
 Parallel Workers: 10
 Concurrent Workers: 3
 Concurrent Refinement Workers: 10
 Periodic GC: Disabled

Heap:
 garbage-first heap   total 145408K, used 35786K [0x0000000701e00000, 0x0000000800000000)
  region size 2048K, 15 young (30720K), 1 survivors (2048K)
 Metaspace       used 34997K, committed 35264K, reserved 1081344K
  class space    used 3464K, committed 3584K, reserved 1048576K

Heap Regions: E=young(eden), S=young(survivor), O=old, HS=humongous(starts), HC=humongous(continues), CS=collection set, F=free, OA=open archive, CA=closed archive, TAMS=top-at-mark-start (previous, next)
|   0|0x0000000701e00000, 0x0000000702000000, 0x0000000702000000|100%| O|  |TAMS 0x0000000701e00000, 0x0000000701e00000| Untracked 
|   1|0x0000000702000000, 0x000000070212de00, 0x0000000702200000| 58%| O|  |TAMS 0x0000000702000000, 0x0000000702000000| Untracked 
|   2|0x0000000702200000, 0x0000000702400000, 0x0000000702400000|100%| O|  |TAMS 0x0000000702200000, 0x0000000702200000| Untracked 
|   3|0x0000000702400000, 0x0000000702600000, 0x0000000702600000|100%| O|  |TAMS 0x0000000702400000, 0x0000000702400000| Untracked 
|   4|0x0000000702600000, 0x0000000702600000, 0x0000000702800000|  0%| F|  |TAMS 0x0000000702600000, 0x0000000702600000| Untracked 
|   5|0x0000000702800000, 0x0000000702800000, 0x0000000702a00000|  0%| F|  |TAMS 0x0000000702800000, 0x0000000702800000| Untracked 
|   6|0x0000000702a00000, 0x0000000702a00000, 0x0000000702c00000|  0%| F|  |TAMS 0x0000000702a00000, 0x0000000702a00000| Untracked 
|   7|0x0000000702c00000, 0x0000000702dc4d28, 0x0000000702e00000| 88%| S|CS|TAMS 0x0000000702c00000, 0x0000000702c00000| Complete 
|   8|0x0000000702e00000, 0x0000000702e00000, 0x0000000703000000|  0%| F|  |TAMS 0x0000000702e00000, 0x0000000702e00000| Untracked 
|   9|0x0000000703000000, 0x0000000703000000, 0x0000000703200000|  0%| F|  |TAMS 0x0000000703000000, 0x0000000703000000| Untracked 
|  10|0x0000000703200000, 0x0000000703200000, 0x0000000703400000|  0%| F|  |TAMS 0x0000000703200000, 0x0000000703200000| Untracked 
|  11|0x0000000703400000, 0x0000000703400000, 0x0000000703600000|  0%| F|  |TAMS 0x0000000703400000, 0x0000000703400000| Untracked 
|  12|0x0000000703600000, 0x0000000703600000, 0x0000000703800000|  0%| F|  |TAMS 0x0000000703600000, 0x0000000703600000| Untracked 
|  13|0x0000000703800000, 0x0000000703800000, 0x0000000703a00000|  0%| F|  |TAMS 0x0000000703800000, 0x0000000703800000| Untracked 
|  14|0x0000000703a00000, 0x0000000703a00000, 0x0000000703c00000|  0%| F|  |TAMS 0x0000000703a00000, 0x0000000703a00000| Untracked 
|  15|0x0000000703c00000, 0x0000000703c00000, 0x0000000703e00000|  0%| F|  |TAMS 0x0000000703c00000, 0x0000000703c00000| Untracked 
|  16|0x0000000703e00000, 0x0000000703e00000, 0x0000000704000000|  0%| F|  |TAMS 0x0000000703e00000, 0x0000000703e00000| Untracked 
|  17|0x0000000704000000, 0x0000000704000000, 0x0000000704200000|  0%| F|  |TAMS 0x0000000704000000, 0x0000000704000000| Untracked 
|  18|0x0000000704200000, 0x0000000704200000, 0x0000000704400000|  0%| F|  |TAMS 0x0000000704200000, 0x0000000704200000| Untracked 
|  19|0x0000000704400000, 0x0000000704400000, 0x0000000704600000|  0%| F|  |TAMS 0x0000000704400000, 0x0000000704400000| Untracked 
|  20|0x0000000704600000, 0x0000000704600000, 0x0000000704800000|  0%| F|  |TAMS 0x0000000704600000, 0x0000000704600000| Untracked 
|  21|0x0000000704800000, 0x0000000704800000, 0x0000000704a00000|  0%| F|  |TAMS 0x0000000704800000, 0x0000000704800000| Untracked 
|  22|0x0000000704a00000, 0x0000000704a00000, 0x0000000704c00000|  0%| F|  |TAMS 0x0000000704a00000, 0x0000000704a00000| Untracked 
|  23|0x0000000704c00000, 0x0000000704c00000, 0x0000000704e00000|  0%| F|  |TAMS 0x0000000704c00000, 0x0000000704c00000| Untracked 
|  24|0x0000000704e00000, 0x0000000704e00000, 0x0000000705000000|  0%| F|  |TAMS 0x0000000704e00000, 0x0000000704e00000| Untracked 
|  25|0x0000000705000000, 0x0000000705000000, 0x0000000705200000|  0%| F|  |TAMS 0x0000000705000000, 0x0000000705000000| Untracked 
|  26|0x0000000705200000, 0x0000000705200000, 0x0000000705400000|  0%| F|  |TAMS 0x0000000705200000, 0x0000000705200000| Untracked 
|  27|0x0000000705400000, 0x0000000705400000, 0x0000000705600000|  0%| F|  |TAMS 0x0000000705400000, 0x0000000705400000| Untracked 
|  28|0x0000000705600000, 0x0000000705600000, 0x0000000705800000|  0%| F|  |TAMS 0x0000000705600000, 0x0000000705600000| Untracked 
|  29|0x0000000705800000, 0x0000000705800000, 0x0000000705a00000|  0%| F|  |TAMS 0x0000000705800000, 0x0000000705800000| Untracked 
|  30|0x0000000705a00000, 0x0000000705a00000, 0x0000000705c00000|  0%| F|  |TAMS 0x0000000705a00000, 0x0000000705a00000| Untracked 
|  31|0x0000000705c00000, 0x0000000705c00000, 0x0000000705e00000|  0%| F|  |TAMS 0x0000000705c00000, 0x0000000705c00000| Untracked 
|  32|0x0000000705e00000, 0x0000000705e00000, 0x0000000706000000|  0%| F|  |TAMS 0x0000000705e00000, 0x0000000705e00000| Untracked 
|  33|0x0000000706000000, 0x0000000706000000, 0x0000000706200000|  0%| F|  |TAMS 0x0000000706000000, 0x0000000706000000| Untracked 
|  34|0x0000000706200000, 0x0000000706200000, 0x0000000706400000|  0%| F|  |TAMS 0x0000000706200000, 0x0000000706200000| Untracked 
|  35|0x0000000706400000, 0x0000000706400000, 0x0000000706600000|  0%| F|  |TAMS 0x0000000706400000, 0x0000000706400000| Untracked 
|  36|0x0000000706600000, 0x0000000706600000, 0x0000000706800000|  0%| F|  |TAMS 0x0000000706600000, 0x0000000706600000| Untracked 
|  37|0x0000000706800000, 0x0000000706800000, 0x0000000706a00000|  0%| F|  |TAMS 0x0000000706800000, 0x0000000706800000| Untracked 
|  38|0x0000000706a00000, 0x0000000706a00000, 0x0000000706c00000|  0%| F|  |TAMS 0x0000000706a00000, 0x0000000706a00000| Untracked 
|  39|0x0000000706c00000, 0x0000000706c00000, 0x0000000706e00000|  0%| F|  |TAMS 0x0000000706c00000, 0x0000000706c00000| Untracked 
|  40|0x0000000706e00000, 0x0000000706e00000, 0x0000000707000000|  0%| F|  |TAMS 0x0000000706e00000, 0x0000000706e00000| Untracked 
|  41|0x0000000707000000, 0x0000000707000000, 0x0000000707200000|  0%| F|  |TAMS 0x0000000707000000, 0x0000000707000000| Untracked 
|  42|0x0000000707200000, 0x0000000707200000, 0x0000000707400000|  0%| F|  |TAMS 0x0000000707200000, 0x0000000707200000| Untracked 
|  43|0x0000000707400000, 0x0000000707400000, 0x0000000707600000|  0%| F|  |TAMS 0x0000000707400000, 0x0000000707400000| Untracked 
|  44|0x0000000707600000, 0x0000000707600000, 0x0000000707800000|  0%| F|  |TAMS 0x0000000707600000, 0x0000000707600000| Untracked 
|  45|0x0000000707800000, 0x0000000707800000, 0x0000000707a00000|  0%| F|  |TAMS 0x0000000707800000, 0x0000000707800000| Untracked 
|  46|0x0000000707a00000, 0x0000000707a00000, 0x0000000707c00000|  0%| F|  |TAMS 0x0000000707a00000, 0x0000000707a00000| Untracked 
|  47|0x0000000707c00000, 0x0000000707c00000, 0x0000000707e00000|  0%| F|  |TAMS 0x0000000707c00000, 0x0000000707c00000| Untracked 
|  48|0x0000000707e00000, 0x0000000707e00000, 0x0000000708000000|  0%| F|  |TAMS 0x0000000707e00000, 0x0000000707e00000| Untracked 
|  49|0x0000000708000000, 0x0000000708000000, 0x0000000708200000|  0%| F|  |TAMS 0x0000000708000000, 0x0000000708000000| Untracked 
|  50|0x0000000708200000, 0x0000000708200000, 0x0000000708400000|  0%| F|  |TAMS 0x0000000708200000, 0x0000000708200000| Untracked 
|  51|0x0000000708400000, 0x0000000708400000, 0x0000000708600000|  0%| F|  |TAMS 0x0000000708400000, 0x0000000708400000| Untracked 
|  52|0x0000000708600000, 0x0000000708600000, 0x0000000708800000|  0%| F|  |TAMS 0x0000000708600000, 0x0000000708600000| Untracked 
|  53|0x0000000708800000, 0x0000000708800000, 0x0000000708a00000|  0%| F|  |TAMS 0x0000000708800000, 0x0000000708800000| Untracked 
|  54|0x0000000708a00000, 0x0000000708a00000, 0x0000000708c00000|  0%| F|  |TAMS 0x0000000708a00000, 0x0000000708a00000| Untracked 
|  55|0x0000000708c00000, 0x0000000708c00000, 0x0000000708e00000|  0%| F|  |TAMS 0x0000000708c00000, 0x0000000708c00000| Untracked 
|  56|0x0000000708e00000, 0x0000000708e00000, 0x0000000709000000|  0%| F|  |TAMS 0x0000000708e00000, 0x0000000708e00000| Untracked 
|  57|0x0000000709000000, 0x0000000709006760, 0x0000000709200000|  1%| E|  |TAMS 0x0000000709000000, 0x0000000709000000| Complete 
|  58|0x0000000709200000, 0x0000000709400000, 0x0000000709400000|100%| E|CS|TAMS 0x0000000709200000, 0x0000000709200000| Complete 
|  59|0x0000000709400000, 0x0000000709600000, 0x0000000709600000|100%| E|CS|TAMS 0x0000000709400000, 0x0000000709400000| Complete 
|  60|0x0000000709600000, 0x0000000709800000, 0x0000000709800000|100%| E|CS|TAMS 0x0000000709600000, 0x0000000709600000| Complete 
|  61|0x0000000709800000, 0x0000000709a00000, 0x0000000709a00000|100%| E|CS|TAMS 0x0000000709800000, 0x0000000709800000| Complete 
|  62|0x0000000709a00000, 0x0000000709c00000, 0x0000000709c00000|100%| E|CS|TAMS 0x0000000709a00000, 0x0000000709a00000| Complete 
|  63|0x0000000709c00000, 0x0000000709e00000, 0x0000000709e00000|100%| E|CS|TAMS 0x0000000709c00000, 0x0000000709c00000| Complete 
|  64|0x0000000709e00000, 0x000000070a000000, 0x000000070a000000|100%| E|CS|TAMS 0x0000000709e00000, 0x0000000709e00000| Complete 
|  65|0x000000070a000000, 0x000000070a200000, 0x000000070a200000|100%| E|CS|TAMS 0x000000070a000000, 0x000000070a000000| Complete 
|  66|0x000000070a200000, 0x000000070a400000, 0x000000070a400000|100%| E|CS|TAMS 0x000000070a200000, 0x000000070a200000| Complete 
|  67|0x000000070a400000, 0x000000070a600000, 0x000000070a600000|100%| E|CS|TAMS 0x000000070a400000, 0x000000070a400000| Complete 
|  68|0x000000070a600000, 0x000000070a800000, 0x000000070a800000|100%| E|CS|TAMS 0x000000070a600000, 0x000000070a600000| Complete 
| 122|0x0000000711200000, 0x0000000711400000, 0x0000000711400000|100%| E|CS|TAMS 0x0000000711200000, 0x0000000711200000| Complete 
| 127|0x0000000711c00000, 0x0000000711e00000, 0x0000000711e00000|100%| E|CS|TAMS 0x0000000711c00000, 0x0000000711c00000| Complete 

Card table byte_map: [0x000001c4a8880000,0x000001c4a9080000] _byte_map_base: 0x000001c4a5071000

Marking Bits (Prev, Next): (CMBitMap*) 0x000001c4935a2e60, (CMBitMap*) 0x000001c4935a2e20
 Prev Bits: [0x000001c4ad810000, 0x000001c4b1798000)
 Next Bits: [0x000001c4a9880000, 0x000001c4ad808000)

Polling page: 0x000001c493630000

Metaspace:

Usage:
  Non-class:     30.79 MB used.
      Class:      3.38 MB used.
       Both:     34.18 MB used.

Virtual space:
  Non-class space:       32.00 MB reserved,      30.94 MB ( 97%) committed,  4 nodes.
      Class space:        1.00 GB reserved,       3.50 MB ( <1%) committed,  1 nodes.
             Both:        1.03 GB reserved,      34.44 MB (  3%) committed. 

Chunk freelists:
   Non-Class:  176.00 KB
       Class:  480.00 KB
        Both:  656.00 KB

MaxMetaspaceSize: unlimited
CompressedClassSpaceSize: 1.00 GB
Initial GC threshold: 21.00 MB
Current GC threshold: 35.12 MB
CDS: off
MetaspaceReclaimPolicy: balanced
 - commit_granule_bytes: 65536.
 - commit_granule_words: 8192.
 - virtual_space_node_default_size: 1048576.
 - enlarge_chunks_in_place: 1.
 - new_chunks_are_fully_committed: 0.
 - uncommit_free_chunks: 1.
 - use_allocation_guard: 0.
 - handle_deallocations: 1.


Internal statistics:

num_allocs_failed_limit: 3.
num_arena_births: 194.
num_arena_deaths: 0.
num_vsnodes_births: 5.
num_vsnodes_deaths: 0.
num_space_committed: 551.
num_space_uncommitted: 0.
num_chunks_returned_to_freelist: 3.
num_chunks_taken_from_freelist: 686.
num_chunk_merges: 3.
num_chunk_splits: 463.
num_chunks_enlarged: 348.
num_purges: 0.
num_inconsistent_stats: 0.

CodeHeap 'non-profiled nmethods': size=120000Kb used=1816Kb max_used=1816Kb free=118183Kb
 bounds [0x000001c49fed0000, 0x000001c4a0140000, 0x000001c4a7400000]
CodeHeap 'profiled nmethods': size=120000Kb used=7289Kb max_used=7289Kb free=112710Kb
 bounds [0x000001c4989a0000, 0x000001c4990c0000, 0x000001c49fed0000]
CodeHeap 'non-nmethods': size=5760Kb used=1486Kb max_used=1626Kb free=4274Kb
 bounds [0x000001c498400000, 0x000001c498670000, 0x000001c4989a0000]
 total_blobs=4387 nmethods=3605 adapters=693
 compilation: enabled
              stopped_count=0, restarted_count=0
 full_count=0

Compilation events (20 events):
Event: 10.244 Thread 0x000001c4bc337850 3579       4       org.hsqldb.RangeVariable$RangeIteratorBase::getField (11 bytes)
Event: 10.244 Thread 0x000001c4bc337850 nmethod 3579 0x000001c4a0070510 code [0x000001c4a0070680, 0x000001c4a0070738]
Event: 10.426 Thread 0x000001c4b7f5e0f0 nmethod 2756 0x000001c4a0070810 code [0x000001c4a0070e40, 0x000001c4a007b590]
Event: 10.633 Thread 0x000001c4b5084730 nmethod 3595% 0x000001c4a007f310 code [0x000001c4a007f6e0, 0x000001c4a008f368]
Event: 12.053 Thread 0x000001c4b5086380 3613       3       sun.java2d.StateTrackableDelegate$1::isCurrent (17 bytes)
Event: 12.053 Thread 0x000001c4b5086380 nmethod 3613 0x000001c4990bdb90 code [0x000001c4990bdd20, 0x000001c4990bde98]
Event: 16.301 Thread 0x000001c4b5086380 3615       3       sun.java2d.d3d.D3DSurfaceData$D3DWindowSurfaceData::isDirty (18 bytes)
Event: 16.302 Thread 0x000001c4b5086380 nmethod 3615 0x000001c4990bdf90 code [0x000001c4990be140, 0x000001c4990be388]
Event: 363.599 Thread 0x000001c4b5084730 3616       4       java.util.Arrays::copyOf (40 bytes)
Event: 363.613 Thread 0x000001c4b5084730 nmethod 3616 0x000001c4a0093510 code [0x000001c4a00936a0, 0x000001c4a0093bd8]
Event: 377.641 Thread 0x000001c4b5084730 3617       4       java.util.Arrays::copyOf (40 bytes)
Event: 377.655 Thread 0x000001c4b5084730 nmethod 3617 0x000001c4a0093e90 code [0x000001c4a0094020, 0x000001c4a0094598]
Event: 548.032 Thread 0x000001c4b5084730 3618       4       java.util.ArrayList::toArray (57 bytes)
Event: 548.040 Thread 0x000001c4b5084730 nmethod 3618 0x000001c4a0094810 code [0x000001c4a00949a0, 0x000001c4a0094e58]
Event: 562.038 Thread 0x000001c4b5084730 3619       4       java.util.ArrayList::toArray (57 bytes)
Event: 562.051 Thread 0x000001c4b5084730 nmethod 3619 0x000001c4a0095010 code [0x000001c4a00951a0, 0x000001c4a0095818]
Event: 568.123 Thread 0x000001c4b5084730 3620       4       sun.java2d.StateTrackableDelegate$1::isCurrent (17 bytes)
Event: 568.124 Thread 0x000001c4b5084730 nmethod 3620 0x000001c4a0095a10 code [0x000001c4a0095b80, 0x000001c4a0095c38]
Event: 572.361 Thread 0x000001c4b5084730 3621       4       sun.java2d.d3d.D3DSurfaceData$D3DWindowSurfaceData::isDirty (18 bytes)
Event: 572.364 Thread 0x000001c4b5084730 nmethod 3621 0x000001c4a0095d10 code [0x000001c4a0095ea0, 0x000001c4a0095f98]

GC Heap History (18 events):
Event: 0.832 GC heap before
{Heap before GC invocations=0 (full 0):
 garbage-first heap   total 262144K, used 22528K [0x0000000701e00000, 0x0000000800000000)
  region size 2048K, 11 young (22528K), 0 survivors (0K)
 Metaspace       used 17734K, committed 17920K, reserved 1064960K
  class space    used 1780K, committed 1856K, reserved 1048576K
}
Event: 0.836 GC heap after
{Heap after GC invocations=1 (full 0):
 garbage-first heap   total 262144K, used 3376K [0x0000000701e00000, 0x0000000800000000)
  region size 2048K, 2 young (4096K), 2 survivors (4096K)
 Metaspace       used 17734K, committed 17920K, reserved 1064960K
  class space    used 1780K, committed 1856K, reserved 1048576K
}
Event: 4.405 GC heap before
{Heap before GC invocations=1 (full 0):
 garbage-first heap   total 262144K, used 11568K [0x0000000701e00000, 0x0000000800000000)
  region size 2048K, 7 young (14336K), 2 survivors (4096K)
 Metaspace       used 21329K, committed 21504K, reserved 1073152K
  class space    used 2252K, committed 2368K, reserved 1048576K
}
Event: 4.409 GC heap after
{Heap after GC invocations=2 (full 0):
 garbage-first heap   total 262144K, used 4268K [0x0000000701e00000, 0x0000000800000000)
  region size 2048K, 1 young (2048K), 1 survivors (2048K)
 Metaspace       used 21329K, committed 21504K, reserved 1073152K
  class space    used 2252K, committed 2368K, reserved 1048576K
}
Event: 7.295 GC heap before
{Heap before GC invocations=3 (full 0):
 garbage-first heap   total 28672K, used 18604K [0x0000000701e00000, 0x0000000800000000)
  region size 2048K, 8 young (16384K), 1 survivors (2048K)
 Metaspace       used 24031K, committed 24256K, reserved 1073152K
  class space    used 2524K, committed 2624K, reserved 1048576K
}
Event: 7.298 GC heap after
{Heap after GC invocations=4 (full 0):
 garbage-first heap   total 28672K, used 5630K [0x0000000701e00000, 0x0000000800000000)
  region size 2048K, 1 young (2048K), 1 survivors (2048K)
 Metaspace       used 24031K, committed 24256K, reserved 1073152K
  class space    used 2524K, committed 2624K, reserved 1048576K
}
Event: 7.351 GC heap before
{Heap before GC invocations=4 (full 0):
 garbage-first heap   total 28672K, used 7678K [0x0000000701e00000, 0x0000000800000000)
  region size 2048K, 2 young (4096K), 1 survivors (2048K)
 Metaspace       used 24945K, committed 25216K, reserved 1073152K
  class space    used 2631K, committed 2752K, reserved 1048576K
}
Event: 7.357 GC heap after
{Heap after GC invocations=5 (full 0):
 garbage-first heap   total 28672K, used 5926K [0x0000000701e00000, 0x0000000800000000)
  region size 2048K, 1 young (2048K), 1 survivors (2048K)
 Metaspace       used 24945K, committed 25216K, reserved 1073152K
  class space    used 2631K, committed 2752K, reserved 1048576K
}
Event: 7.691 GC heap before
{Heap before GC invocations=5 (full 0):
 garbage-first heap   total 28672K, used 14118K [0x0000000701e00000, 0x0000000800000000)
  region size 2048K, 6 young (12288K), 1 survivors (2048K)
 Metaspace       used 26752K, committed 27008K, reserved 1073152K
  class space    used 2829K, committed 2944K, reserved 1048576K
}
Event: 7.693 GC heap after
{Heap after GC invocations=6 (full 0):
 garbage-first heap   total 28672K, used 6672K [0x0000000701e00000, 0x0000000800000000)
  region size 2048K, 1 young (2048K), 1 survivors (2048K)
 Metaspace       used 26752K, committed 27008K, reserved 1073152K
  class space    used 2829K, committed 2944K, reserved 1048576K
}
Event: 9.494 GC heap before
{Heap before GC invocations=6 (full 0):
 garbage-first heap   total 28672K, used 18960K [0x0000000701e00000, 0x0000000800000000)
  region size 2048K, 7 young (14336K), 1 survivors (2048K)
 Metaspace       used 28378K, committed 28672K, reserved 1081344K
  class space    used 2986K, committed 3136K, reserved 1048576K
}
Event: 9.496 GC heap after
{Heap after GC invocations=7 (full 0):
 garbage-first heap   total 28672K, used 7387K [0x0000000701e00000, 0x0000000800000000)
  region size 2048K, 1 young (2048K), 1 survivors (2048K)
 Metaspace       used 28378K, committed 28672K, reserved 1081344K
  class space    used 2986K, committed 3136K, reserved 1048576K
}
Event: 9.605 GC heap before
{Heap before GC invocations=7 (full 0):
 garbage-first heap   total 28672K, used 19675K [0x0000000701e00000, 0x0000000800000000)
  region size 2048K, 7 young (14336K), 1 survivors (2048K)
 Metaspace       used 30167K, committed 30400K, reserved 1081344K
  class space    used 3130K, committed 3264K, reserved 1048576K
}
Event: 9.607 GC heap after
{Heap after GC invocations=8 (full 0):
 garbage-first heap   total 28672K, used 7742K [0x0000000701e00000, 0x0000000800000000)
  region size 2048K, 1 young (2048K), 1 survivors (2048K)
 Metaspace       used 30167K, committed 30400K, reserved 1081344K
  class space    used 3130K, committed 3264K, reserved 1048576K
}
Event: 9.675 GC heap before
{Heap before GC invocations=8 (full 0):
 garbage-first heap   total 28672K, used 15934K [0x0000000701e00000, 0x0000000800000000)
  region size 2048K, 6 young (12288K), 1 survivors (2048K)
 Metaspace       used 31513K, committed 31744K, reserved 1081344K
  class space    used 3232K, committed 3328K, reserved 1048576K
}
Event: 9.676 GC heap after
{Heap after GC invocations=9 (full 0):
 garbage-first heap   total 28672K, used 7991K [0x0000000701e00000, 0x0000000800000000)
  region size 2048K, 1 young (2048K), 1 survivors (2048K)
 Metaspace       used 31513K, committed 31744K, reserved 1081344K
  class space    used 3232K, committed 3328K, reserved 1048576K
}
Event: 9.794 GC heap before
{Heap before GC invocations=9 (full 0):
 garbage-first heap   total 28672K, used 18231K [0x0000000701e00000, 0x0000000800000000)
  region size 2048K, 6 young (12288K), 1 survivors (2048K)
 Metaspace       used 32686K, committed 32896K, reserved 1081344K
  class space    used 3302K, committed 3392K, reserved 1048576K
}
Event: 9.796 GC heap after
{Heap after GC invocations=10 (full 0):
 garbage-first heap   total 145408K, used 9162K [0x0000000701e00000, 0x0000000800000000)
  region size 2048K, 1 young (2048K), 1 survivors (2048K)
 Metaspace       used 32686K, committed 32896K, reserved 1081344K
  class space    used 3302K, committed 3392K, reserved 1048576K
}

Deoptimization events (20 events):
Event: 10.139 Thread 0x000001c4b5d3b6f0 DEOPT PACKING pc=0x000001c4990b837c sp=0x000000ae529fcea0
Event: 10.139 Thread 0x000001c4b5d3b6f0 DEOPT UNPACKING pc=0x000001c498452b43 sp=0x000000ae529fc3e0 mode 1
Event: 10.139 Thread 0x000001c4b5d3b6f0 DEOPT PACKING pc=0x000001c4990b837c sp=0x000000ae529fcea0
Event: 10.139 Thread 0x000001c4b5d3b6f0 DEOPT UNPACKING pc=0x000001c498452b43 sp=0x000000ae529fc3e0 mode 1
Event: 10.140 Thread 0x000001c4b5d3b6f0 DEOPT PACKING pc=0x000001c4990b837c sp=0x000000ae529fcea0
Event: 10.140 Thread 0x000001c4b5d3b6f0 DEOPT UNPACKING pc=0x000001c498452b43 sp=0x000000ae529fc3e0 mode 1
Event: 10.140 Thread 0x000001c4b5d3b6f0 DEOPT PACKING pc=0x000001c4990b837c sp=0x000000ae529fcea0
Event: 10.140 Thread 0x000001c4b5d3b6f0 DEOPT UNPACKING pc=0x000001c498452b43 sp=0x000000ae529fc3e0 mode 1
Event: 10.140 Thread 0x000001c4b5d3b6f0 DEOPT PACKING pc=0x000001c4990b837c sp=0x000000ae529fcea0
Event: 10.140 Thread 0x000001c4b5d3b6f0 DEOPT UNPACKING pc=0x000001c498452b43 sp=0x000000ae529fc3e0 mode 1
Event: 10.140 Thread 0x000001c4b5d3b6f0 DEOPT PACKING pc=0x000001c4990b837c sp=0x000000ae529fcea0
Event: 10.140 Thread 0x000001c4b5d3b6f0 DEOPT UNPACKING pc=0x000001c498452b43 sp=0x000000ae529fc3e0 mode 1
Event: 363.707 Thread 0x000001c4b5358e10 Uncommon trap: trap_request=0xffffffcc fr.pc=0x000001c4a0093a30 relative=0x0000000000000390
Event: 363.708 Thread 0x000001c4b5358e10 Uncommon trap: reason=intrinsic_or_type_checked_inlining action=make_not_entrant pc=0x000001c4a0093a30 method=java.util.Arrays.copyOf([Ljava/lang/Object;ILjava/lang/Class;)[Ljava/lang/Object; @ 35 c2
Event: 363.708 Thread 0x000001c4b5358e10 DEOPT PACKING pc=0x000001c4a0093a30 sp=0x000000ae536ff450
Event: 363.708 Thread 0x000001c4b5358e10 DEOPT UNPACKING pc=0x000001c4984523a3 sp=0x000000ae536ff3f0 mode 2
Event: 548.141 Thread 0x000001c4b5358e10 Uncommon trap: trap_request=0xffffffdc fr.pc=0x000001c4a0094b64 relative=0x00000000000001c4
Event: 548.141 Thread 0x000001c4b5358e10 Uncommon trap: reason=class_check action=make_not_entrant pc=0x000001c4a0094b64 method=java.util.ArrayList.toArray([Ljava/lang/Object;)[Ljava/lang/Object; @ 21 c2
Event: 548.141 Thread 0x000001c4b5358e10 DEOPT PACKING pc=0x000001c4a0094b64 sp=0x000000ae536ff4b0
Event: 548.141 Thread 0x000001c4b5358e10 DEOPT UNPACKING pc=0x000001c4984523a3 sp=0x000000ae536ff480 mode 2

Classes unloaded (0 events):
No events

Classes redefined (3 events):
Event: 207.936 Thread 0x000001c4b501b490 redefined class name=accesstopostgre.PostgreSQLConnection, count=1
Event: 504.804 Thread 0x000001c4b501b490 redefined class name=accesstopostgre.PostgreSQLConnection, count=2
Event: 645.816 Thread 0x000001c4b501b490 redefined class name=accesstopostgre.PostgreSQLConnection, count=3

Internal exceptions (20 events):
Event: 0.531 Thread 0x000001c4935508a0 Exception <a 'java/lang/NoSuchMethodError'{0x00000007113901c8}: 'int java.lang.invoke.DirectMethodHandle$Holder.invokeStatic(java.lang.Object)'> (0x00000007113901c8) 
thrown [e:\jenkins\tmp\workspace\build\src\src\hotspot\share\interpreter\linkResolver.cpp, line 766]
Event: 0.683 Thread 0x000001c4935508a0 Implicit null exception at 0x000001c49ff0b80f to 0x000001c49ff0b88d
Event: 0.683 Thread 0x000001c4935508a0 Implicit null exception at 0x000001c49ff1afa0 to 0x000001c49ff1b490
Event: 0.700 Thread 0x000001c4935508a0 Exception <a 'sun/nio/fs/WindowsException'{0x0000000710db4870}> (0x0000000710db4870) 
thrown [e:\jenkins\tmp\workspace\build\src\src\hotspot\share\prims\jni.cpp, line 516]
Event: 0.744 Thread 0x000001c4935508a0 Exception <a 'java/lang/NoSuchMethodError'{0x0000000710b48350}: 'java.lang.Object java.lang.invoke.DirectMethodHandle$Holder.invokeVirtual(java.lang.Object, java.lang.Object, java.lang.Object, java.lang.Object)'> (0x0000000710b48350) 
thrown [e:\jenkins\tmp\workspace\build\src\src\hotspot\share\interpreter\linkResolver.cpp, line 766]
Event: 0.764 Thread 0x000001c4b5b24900 Exception <a 'java/lang/NoSuchMethodError'{0x0000000711570d58}: 'void java.lang.invoke.DirectMethodHandle$Holder.invokeVirtual(java.lang.Object, java.lang.Object)'> (0x0000000711570d58) 
thrown [e:\jenkins\tmp\workspace\build\src\src\hotspot\share\interpreter\linkResolver.cpp, line 766]
Event: 0.781 Thread 0x000001c4935508a0 Exception <a 'java/lang/NoSuchMethodError'{0x00000007108e5fa0}: 'void java.lang.invoke.DirectMethodHandle$Holder.invokeStaticInit(java.lang.Object)'> (0x00000007108e5fa0) 
thrown [e:\jenkins\tmp\workspace\build\src\src\hotspot\share\interpreter\linkResolver.cpp, line 766]
Event: 4.325 Thread 0x000001c4b5d3b6f0 Exception <a 'java/lang/NoSuchMethodError'{0x000000071199b0d8}: 'void java.lang.invoke.DirectMethodHandle$Holder.invokeStatic(java.lang.Object, java.lang.Object, java.lang.Object)'> (0x000000071199b0d8) 
thrown [e:\jenkins\tmp\workspace\build\src\src\hotspot\share\interpreter\linkResolver.cpp, line 766]
Event: 4.442 Thread 0x000001c4b5d3b6f0 Exception <a 'java/lang/NoSuchMethodError'{0x0000000711c304a8}: 'java.lang.Object java.lang.invoke.DirectMethodHandle$Holder.newInvokeSpecial(java.lang.Object, java.lang.Object, int)'> (0x0000000711c304a8) 
thrown [e:\jenkins\tmp\workspace\build\src\src\hotspot\share\interpreter\linkResolver.cpp, line 766]
Event: 4.456 Thread 0x000001c4b5d3b6f0 Exception <a 'java/lang/NoSuchMethodError'{0x0000000711c4f250}: 'void java.lang.invoke.DirectMethodHandle$Holder.invokeStatic(java.lang.Object, java.lang.Object, java.lang.Object, java.lang.Object)'> (0x0000000711c4f250) 
thrown [e:\jenkins\tmp\workspace\build\src\src\hotspot\share\interpreter\linkResolver.cpp, line 766]
Event: 5.198 Thread 0x000001c4b5d3b6f0 Exception <a 'java/lang/NoSuchMethodError'{0x0000000703082b38}: 'void java.lang.invoke.DirectMethodHandle$Holder.invokeSpecial(java.lang.Object, java.lang.Object, java.lang.Object, int, int, int, int, double)'> (0x0000000703082b38) 
thrown [e:\jenkins\tmp\workspace\build\src\src\hotspot\share\interpreter\linkResolver.cpp, line 766]
Event: 7.350 Thread 0x000001c4b5d3b6f0 Exception <a 'java/lang/NoSuchMethodError'{0x0000000711df9b10}: 'int java.lang.invoke.DirectMethodHandle$Holder.invokeSpecial(java.lang.Object, java.lang.Object, java.lang.Object)'> (0x0000000711df9b10) 
thrown [e:\jenkins\tmp\workspace\build\src\src\hotspot\share\interpreter\linkResolver.cpp, line 766]
Event: 7.530 Thread 0x000001c4b5d3b6f0 Exception <a 'java/lang/NoSuchMethodError'{0x0000000711d76d80}: 'java.lang.Object java.lang.invoke.DirectMethodHandle$Holder.invokeStaticInit(java.lang.Object, int, int, int, int)'> (0x0000000711d76d80) 
thrown [e:\jenkins\tmp\workspace\build\src\src\hotspot\share\interpreter\linkResolver.cpp, line 766]
Event: 7.571 Thread 0x000001c4b5d3b6f0 Exception <a 'java/lang/NoSuchMethodError'{0x0000000703405128}: 'java.lang.Object java.lang.invoke.DirectMethodHandle$Holder.invokeStaticInit(java.lang.Object, java.lang.Object, int, int, int, int)'> (0x0000000703405128) 
thrown [e:\jenkins\tmp\workspace\build\src\src\hotspot\share\interpreter\linkResolver.cpp, line 766]
Event: 7.606 Thread 0x000001c4b5d3b6f0 Exception <a 'sun/nio/fs/WindowsException'{0x0000000703352c40}> (0x0000000703352c40) 
thrown [e:\jenkins\tmp\workspace\build\src\src\hotspot\share\prims\jni.cpp, line 516]
Event: 9.382 Thread 0x000001c4b5d3b6f0 Exception <a 'java/lang/NoSuchMethodError'{0x0000000711276530}: 'java.lang.Object java.lang.invoke.DirectMethodHandle$Holder.invokeInterface(java.lang.Object, java.lang.Object)'> (0x0000000711276530) 
thrown [e:\jenkins\tmp\workspace\build\src\src\hotspot\share\interpreter\linkResolver.cpp, line 766]
Event: 9.437 Thread 0x000001c4b5d3b6f0 Exception <a 'java/lang/NoClassDefFoundError'{0x0000000703514c98}: org/apache/log4j/Priority> (0x0000000703514c98) 
thrown [e:\jenkins\tmp\workspace\build\src\src\hotspot\share\classfile\systemDictionary.cpp, line 245]
Event: 9.445 Thread 0x000001c4b5d3b6f0 Implicit null exception at 0x000001c49ffda54e to 0x000001c49ffda640
Event: 9.966 Thread 0x000001c4b5d3b6f0 Exception <a 'java/lang/NoSuchMethodError'{0x000000070a1da728}: static [Lnet/ucanaccess/complex/Attachment;.<clinit>()V> (0x000000070a1da728) 
thrown [e:\jenkins\tmp\workspace\build\src\src\hotspot\share\prims\jni.cpp, line 1107]
Event: 9.973 Thread 0x000001c4b5d3b6f0 Exception <a 'java/lang/NoSuchMethodError'{0x0000000709e09be0}: static [B.<clinit>()V> (0x0000000709e09be0) 
thrown [e:\jenkins\tmp\workspace\build\src\src\hotspot\share\prims\jni.cpp, line 1107]

VM Operations (20 events):
Event: 645.801 Executing VM operation: ChangeSingleStep done
Event: 645.802 Executing VM operation: ChangeSingleStep
Event: 645.802 Executing VM operation: ChangeSingleStep done
Event: 645.810 Executing VM operation: RedefineClasses
Event: 645.825 Executing VM operation: RedefineClasses done
Event: 645.835 Executing VM operation: ChangeBreakpoints
Event: 645.836 Executing VM operation: ChangeBreakpoints done
Event: 645.836 Executing VM operation: ChangeBreakpoints
Event: 645.837 Executing VM operation: ChangeBreakpoints done
Event: 645.847 Executing VM operation: ChangeBreakpoints
Event: 645.848 Executing VM operation: ChangeBreakpoints done
Event: 645.848 Executing VM operation: ChangeBreakpoints
Event: 645.850 Executing VM operation: ChangeBreakpoints done
Event: 645.851 Executing VM operation: ChangeSingleStep
Event: 645.852 Executing VM operation: ChangeSingleStep done
Event: 645.852 Executing VM operation: get/set locals
Event: 645.852 Executing VM operation: get/set locals done
Event: 645.853 Executing VM operation: ChangeSingleStep
Event: 645.853 Executing VM operation: ChangeSingleStep done
Event: 645.952 Executing VM operation: get/set locals

Events (20 events):
Event: 9.971 loading class jdk/internal/reflect/UnsafeQualifiedStaticObjectFieldAccessorImpl
Event: 9.971 loading class jdk/internal/reflect/UnsafeQualifiedStaticObjectFieldAccessorImpl done
Event: 9.972 loading class java/nio/charset/CharacterCodingException
Event: 9.972 loading class java/nio/charset/CharacterCodingException done
Event: 9.978 loading class java/util/Formattable
Event: 9.978 loading class java/util/Formattable done
Event: 12.053 Thread 0x000001c4b7f5e0f0 Thread exited: 0x000001c4b7f5e0f0
Event: 16.301 Thread 0x000001c4bc337850 Thread exited: 0x000001c4bc337850
Event: 24.569 loading class java/util/ResourceBundle$Control$1
Event: 24.569 loading class java/util/ResourceBundle$Control$1 done
Event: 24.628 loading class java/text/MessageFormat
Event: 24.629 loading class java/text/MessageFormat done
Event: 24.631 loading class java/text/FieldPosition$Delegate
Event: 24.631 loading class java/text/Format$FieldDelegate
Event: 24.631 loading class java/text/Format$FieldDelegate done
Event: 24.631 loading class java/text/FieldPosition$Delegate done
Event: 24.631 loading class java/text/NumberFormat$Field
Event: 24.632 loading class java/text/NumberFormat$Field done
Event: 24.632 loading class java/text/MessageFormat$Field
Event: 24.632 loading class java/text/MessageFormat$Field done


Dynamic libraries:
0x00007ff620aa0000 - 0x00007ff620aae000 	C:\Users\hp\.p2\pool\plugins\org.eclipse.justj.openjdk.hotspot.jre.full.win32.x86_64_17.0.2.v20220201-1208\jre\bin\javaw.exe
0x00007ffacfeb0000 - 0x00007ffad00a5000 	C:\Windows\SYSTEM32\ntdll.dll
0x00007ffacfb30000 - 0x00007ffacfbee000 	C:\Windows\System32\KERNEL32.DLL
0x00007ffacd840000 - 0x00007ffacdb08000 	C:\Windows\System32\KERNELBASE.dll
0x00007ffacdc20000 - 0x00007ffacdd20000 	C:\Windows\System32\ucrtbase.dll
0x00007ffac49c0000 - 0x00007ffac49d8000 	C:\Users\hp\.p2\pool\plugins\org.eclipse.justj.openjdk.hotspot.jre.full.win32.x86_64_17.0.2.v20220201-1208\jre\bin\jli.dll
0x00007ffabb360000 - 0x00007ffabb379000 	C:\Users\hp\.p2\pool\plugins\org.eclipse.justj.openjdk.hotspot.jre.full.win32.x86_64_17.0.2.v20220201-1208\jre\bin\VCRUNTIME140.dll
0x00007ffacf4b0000 - 0x00007ffacf650000 	C:\Windows\System32\USER32.dll
0x00007ffacd650000 - 0x00007ffacd672000 	C:\Windows\System32\win32u.dll
0x00007ffab6ca0000 - 0x00007ffab6f3a000 	C:\Windows\WinSxS\amd64_microsoft.windows.common-controls_6595b64144ccf1df_6.0.19041.1110_none_60b5254171f9507e\COMCTL32.dll
0x00007ffacea40000 - 0x00007ffacea6a000 	C:\Windows\System32\GDI32.dll
0x00007ffacf0d0000 - 0x00007ffacf16e000 	C:\Windows\System32\msvcrt.dll
0x00007ffacdb10000 - 0x00007ffacdc1b000 	C:\Windows\System32\gdi32full.dll
0x00007ffacd6f0000 - 0x00007ffacd78d000 	C:\Windows\System32\msvcp_win.dll
0x00007ffaceaf0000 - 0x00007ffaceb20000 	C:\Windows\System32\IMM32.DLL
0x00007ffac49f0000 - 0x00007ffac49fc000 	C:\Users\hp\.p2\pool\plugins\org.eclipse.justj.openjdk.hotspot.jre.full.win32.x86_64_17.0.2.v20220201-1208\jre\bin\vcruntime140_1.dll
0x00007ffab8d60000 - 0x00007ffab8df1000 	C:\Users\hp\.p2\pool\plugins\org.eclipse.justj.openjdk.hotspot.jre.full.win32.x86_64_17.0.2.v20220201-1208\jre\bin\msvcp140.dll
0x00007ffa7f2b0000 - 0x00007ffa7fef7000 	C:\Users\hp\.p2\pool\plugins\org.eclipse.justj.openjdk.hotspot.jre.full.win32.x86_64_17.0.2.v20220201-1208\jre\bin\server\jvm.dll
0x00007ffacf250000 - 0x00007ffacf2fe000 	C:\Windows\System32\ADVAPI32.dll
0x00007ffacf720000 - 0x00007ffacf7bc000 	C:\Windows\System32\sechost.dll
0x00007ffacfbf0000 - 0x00007ffacfd15000 	C:\Windows\System32\RPCRT4.dll
0x00007ffacf7c0000 - 0x00007ffacf7c8000 	C:\Windows\System32\PSAPI.DLL
0x00007ffaae4b0000 - 0x00007ffaae4b9000 	C:\Windows\SYSTEM32\WSOCK32.dll
0x00007ffaab510000 - 0x00007ffaab537000 	C:\Windows\SYSTEM32\WINMM.dll
0x00007ffac54f0000 - 0x00007ffac54fa000 	C:\Windows\SYSTEM32\VERSION.dll
0x00007ffacf180000 - 0x00007ffacf1eb000 	C:\Windows\System32\WS2_32.dll
0x00007ffacb4f0000 - 0x00007ffacb502000 	C:\Windows\SYSTEM32\kernel.appcore.dll
0x00007ffabf200000 - 0x00007ffabf20a000 	C:\Users\hp\.p2\pool\plugins\org.eclipse.justj.openjdk.hotspot.jre.full.win32.x86_64_17.0.2.v20220201-1208\jre\bin\jimage.dll
0x00007ffab2b90000 - 0x00007ffab2d74000 	C:\Windows\SYSTEM32\DBGHELP.DLL
0x00007ffab4c70000 - 0x00007ffab4c9c000 	C:\Windows\SYSTEM32\dbgcore.DLL
0x00007ffacdd20000 - 0x00007ffacdda2000 	C:\Windows\System32\bcryptPrimitives.dll
0x00007ffaa23b0000 - 0x00007ffaa23eb000 	C:\Users\hp\.p2\pool\plugins\org.eclipse.justj.openjdk.hotspot.jre.full.win32.x86_64_17.0.2.v20220201-1208\jre\bin\jdwp.dll
0x00007ffabd5e0000 - 0x00007ffabd5ee000 	C:\Users\hp\.p2\pool\plugins\org.eclipse.justj.openjdk.hotspot.jre.full.win32.x86_64_17.0.2.v20220201-1208\jre\bin\instrument.dll
0x00007ffaa3a40000 - 0x00007ffaa3a65000 	C:\Users\hp\.p2\pool\plugins\org.eclipse.justj.openjdk.hotspot.jre.full.win32.x86_64_17.0.2.v20220201-1208\jre\bin\java.dll
0x00007ffaa7710000 - 0x00007ffaa7728000 	C:\Users\hp\.p2\pool\plugins\org.eclipse.justj.openjdk.hotspot.jre.full.win32.x86_64_17.0.2.v20220201-1208\jre\bin\zip.dll
0x00007fface2f0000 - 0x00007ffacea34000 	C:\Windows\System32\SHELL32.dll
0x00007ffacb6f0000 - 0x00007ffacbe84000 	C:\Windows\SYSTEM32\windows.storage.dll
0x00007ffacf7d0000 - 0x00007ffacfb24000 	C:\Windows\System32\combase.dll
0x00007ffaccf70000 - 0x00007ffaccf9c000 	C:\Windows\SYSTEM32\Wldp.dll
0x00007ffacdf10000 - 0x00007ffacdfbd000 	C:\Windows\System32\SHCORE.dll
0x00007ffacf1f0000 - 0x00007ffacf245000 	C:\Windows\System32\shlwapi.dll
0x00007ffacd510000 - 0x00007ffacd52f000 	C:\Windows\SYSTEM32\profapi.dll
0x00007ffabcc00000 - 0x00007ffabcc0c000 	C:\Users\hp\.p2\pool\plugins\org.eclipse.justj.openjdk.hotspot.jre.full.win32.x86_64_17.0.2.v20220201-1208\jre\bin\dt_socket.dll
0x00007ffacc9c0000 - 0x00007ffacc9fb000 	C:\Windows\SYSTEM32\IPHLPAPI.DLL
0x00007ffacccd0000 - 0x00007ffaccd3a000 	C:\Windows\system32\mswsock.dll
0x00007ffacca00000 - 0x00007ffaccacb000 	C:\Windows\SYSTEM32\DNSAPI.dll
0x00007ffacfd20000 - 0x00007ffacfd28000 	C:\Windows\System32\NSI.dll
0x00007ffac49a0000 - 0x00007ffac49aa000 	C:\Windows\System32\rasadhlp.dll
0x00007ffabe5b0000 - 0x00007ffabe62f000 	C:\Windows\System32\fwpuclnt.dll
0x00007ffacd620000 - 0x00007ffacd647000 	C:\Windows\System32\bcrypt.dll
0x00007ffaa0730000 - 0x00007ffaa0749000 	C:\Users\hp\.p2\pool\plugins\org.eclipse.justj.openjdk.hotspot.jre.full.win32.x86_64_17.0.2.v20220201-1208\jre\bin\net.dll
0x00007ffabf280000 - 0x00007ffabf38a000 	C:\Windows\SYSTEM32\WINHTTP.dll
0x00007ffaa03d0000 - 0x00007ffaa03e5000 	C:\Users\hp\.p2\pool\plugins\org.eclipse.justj.openjdk.hotspot.jre.full.win32.x86_64_17.0.2.v20220201-1208\jre\bin\nio.dll
0x00007ffabb2d0000 - 0x00007ffabb2e0000 	C:\Users\hp\.p2\pool\plugins\org.eclipse.justj.openjdk.hotspot.jre.full.win32.x86_64_17.0.2.v20220201-1208\jre\bin\verify.dll
0x00007ffa9cca0000 - 0x00007ffa9ce2e000 	C:\Users\hp\.p2\pool\plugins\org.eclipse.justj.openjdk.hotspot.jre.full.win32.x86_64_17.0.2.v20220201-1208\jre\bin\awt.dll
0x00007ffacf650000 - 0x00007ffacf71d000 	C:\Windows\System32\OLEAUT32.dll
0x00007ffacae70000 - 0x00007ffacaf00000 	C:\Windows\SYSTEM32\apphelp.dll
0x00007ffacb010000 - 0x00007ffacb0ae000 	C:\Windows\system32\uxtheme.dll
0x00007fface1b0000 - 0x00007fface2c5000 	C:\Windows\System32\MSCTF.dll
0x00007fface020000 - 0x00007fface14a000 	C:\Windows\System32\ole32.dll
0x00007ffa9cc10000 - 0x00007ffa9cc99000 	C:\Users\hp\.p2\pool\plugins\org.eclipse.justj.openjdk.hotspot.jre.full.win32.x86_64_17.0.2.v20220201-1208\jre\bin\freetype.dll
0x00007ffa9cb60000 - 0x00007ffa9cc08000 	C:\Users\hp\.p2\pool\plugins\org.eclipse.justj.openjdk.hotspot.jre.full.win32.x86_64_17.0.2.v20220201-1208\jre\bin\fontmanager.dll
0x00007ffacb200000 - 0x00007ffacb22f000 	C:\Windows\system32\DWMAPI.DLL
0x00007ffa82e90000 - 0x00007ffa82fb6000 	C:\Windows\system32\opengl32.dll
0x00007ffa9e230000 - 0x00007ffa9e25c000 	C:\Windows\SYSTEM32\GLU32.dll
0x00007ffabbeb0000 - 0x00007ffabc07f000 	C:\Windows\system32\d3d9.dll
0x00007ffabc460000 - 0x00007ffabcb56000 	C:\Windows\SYSTEM32\d3d10warp.dll
0x00007ffac9010000 - 0x00007ffac904b000 	C:\Windows\SYSTEM32\dxcore.dll
0x00007ffacd5d0000 - 0x00007ffacd61e000 	C:\Windows\System32\cfgmgr32.dll
0x00007ffac49e0000 - 0x00007ffac49e6000 	C:\Users\hp\AppData\Local\Temp\flatlaf.temp\flatlaf-windows-x86_64-1890537396925000.dll
0x00007ffabb340000 - 0x00007ffabb347000 	C:\Users\hp\.p2\pool\plugins\org.eclipse.justj.openjdk.hotspot.jre.full.win32.x86_64_17.0.2.v20220201-1208\jre\bin\jawt.dll
0x00007ffacfdc0000 - 0x00007ffacfe69000 	C:\Windows\System32\clbcatq.dll
0x00007ffac70e0000 - 0x00007ffac7294000 	C:\Windows\SYSTEM32\WindowsCodecs.dll
0x00007ffab7ee0000 - 0x00007ffab7f1e000 	C:\Windows\system32\dataexchange.dll
0x00007ffac9a20000 - 0x00007ffac9c84000 	C:\Windows\system32\d3d11.dll
0x00007ffaca250000 - 0x00007ffaca435000 	C:\Windows\system32\dcomp.dll
0x00007ffacbef0000 - 0x00007ffacbfe3000 	C:\Windows\system32\dxgi.dll
0x00007ffac72f0000 - 0x00007ffac74f1000 	C:\Windows\system32\twinapi.appcore.dll
0x00007ffac7d20000 - 0x00007ffac7e19000 	C:\Windows\SYSTEM32\textinputframework.dll
0x00007ffaca440000 - 0x00007ffaca79e000 	C:\Windows\System32\CoreUIComponents.dll
0x00007ffacab20000 - 0x00007ffacac12000 	C:\Windows\System32\CoreMessaging.dll
0x00007ffacc2e0000 - 0x00007ffacc313000 	C:\Windows\SYSTEM32\ntmarta.dll
0x00007ffac9460000 - 0x00007ffac95b4000 	C:\Windows\SYSTEM32\wintypes.dll
0x00007ffaaaf40000 - 0x00007ffaaaff0000 	C:\Windows\WinSxS\amd64_microsoft.windows.common-controls_6595b64144ccf1df_5.82.19041.1110_none_792d1c772443f647\comctl32.dll
0x00007ffac91a0000 - 0x00007ffac9296000 	C:\Windows\system32\propsys.dll
0x00007ffab8780000 - 0x00007ffab8797000 	C:\Windows\system32\NetworkExplorer.dll
0x00007ffaaada0000 - 0x00007ffaaae06000 	C:\Windows\System32\thumbcache.dll
0x00007ffab4630000 - 0x00007ffab464f000 	C:\Windows\SYSTEM32\MPR.dll
0x00007ffac8d30000 - 0x00007ffac8d3b000 	C:\Windows\System32\drprov.dll
0x00007ffacd3b0000 - 0x00007ffacd40a000 	C:\Windows\System32\WINSTA.dll
0x00007ffac6880000 - 0x00007ffac68a0000 	C:\Windows\System32\ntlanman.dll
0x00007ffac6790000 - 0x00007ffac67ae000 	C:\Windows\System32\davclnt.dll
0x00007ffab6a00000 - 0x00007ffab6a0d000 	C:\Windows\System32\DAVHLPR.dll
0x00007ffacc770000 - 0x00007ffacc789000 	C:\Windows\System32\wkscli.dll
0x00007ffab9860000 - 0x00007ffab9872000 	C:\Windows\SYSTEM32\cscapi.dll
0x00007ffaccad0000 - 0x00007ffaccadc000 	C:\Windows\System32\netutils.dll
0x00007ffa9cb00000 - 0x00007ffa9cb56000 	C:\Windows\System32\dlnashext.dll
0x00007ffa9ca90000 - 0x00007ffa9caf4000 	C:\Windows\System32\PlayToDevice.dll
0x00007ffab0a00000 - 0x00007ffab0a20000 	C:\Windows\System32\DevDispItemProvider.dll
0x00007ffac57f0000 - 0x00007ffac5875000 	C:\Windows\System32\MMDevApi.dll
0x00007ffacd2b0000 - 0x00007ffacd2dc000 	C:\Windows\System32\DEVOBJ.dll
0x00007ffa9bf50000 - 0x00007ffa9bff1000 	C:\Windows\system32\wpdshext.dll
0x00007ffabd000000 - 0x00007ffabd1a5000 	C:\Windows\WinSxS\amd64_microsoft.windows.gdiplus_6595b64144ccf1df_1.1.19041.1645_none_91a2a668cc89980b\gdiplus.dll
0x00007ffa976b0000 - 0x00007ffa97753000 	C:\Windows\System32\PortableDeviceApi.dll
0x00007ffacec00000 - 0x00007ffacf06a000 	C:\Windows\System32\SETUPAPI.dll
0x00007ffacd680000 - 0x00007ffacd6e8000 	C:\Windows\System32\WINTRUST.dll
0x00007ffacddb0000 - 0x00007ffacdf06000 	C:\Windows\System32\CRYPT32.dll
0x00007ffacd0f0000 - 0x00007ffacd102000 	C:\Windows\System32\MSASN1.dll
0x00007ffab69a0000 - 0x00007ffab69d7000 	C:\Windows\System32\EhStorShell.dll
0x00007ffab8d30000 - 0x00007ffab8d56000 	C:\Windows\System32\EhStorAPI.dll
0x00007ffac9300000 - 0x00007ffac9314000 	C:\Windows\System32\WTSAPI32.dll
0x00007ffac6780000 - 0x00007ffac678d000 	C:\Windows\SYSTEM32\LINKINFO.dll
0x00007ffab4c10000 - 0x00007ffab4c1c000 	C:\Windows\SYSTEM32\Secur32.dll
0x00007ffacd490000 - 0x00007ffacd4c2000 	C:\Windows\SYSTEM32\SSPICLI.DLL
0x00007ffabe110000 - 0x00007ffabe129000 	C:\Windows\SYSTEM32\samcli.dll
0x00007ffac92a0000 - 0x00007ffac92c7000 	C:\Windows\SYSTEM32\SAMLIB.dll
0x00007ffab9d80000 - 0x00007ffab9d89000 	C:\Users\hp\.p2\pool\plugins\org.eclipse.justj.openjdk.hotspot.jre.full.win32.x86_64_17.0.2.v20220201-1208\jre\bin\management.dll
0x00007ffab9090000 - 0x00007ffab909b000 	C:\Users\hp\.p2\pool\plugins\org.eclipse.justj.openjdk.hotspot.jre.full.win32.x86_64_17.0.2.v20220201-1208\jre\bin\management_ext.dll
0x00007ffaccec0000 - 0x00007ffacced8000 	C:\Windows\SYSTEM32\CRYPTSP.dll
0x00007ffacc650000 - 0x00007ffacc684000 	C:\Windows\system32\rsaenh.dll
0x00007ffacd4d0000 - 0x00007ffacd4fe000 	C:\Windows\SYSTEM32\USERENV.dll
0x00007ffaccee0000 - 0x00007ffacceec000 	C:\Windows\SYSTEM32\CRYPTBASE.dll
0x00007ffac6360000 - 0x00007ffac6377000 	C:\Windows\SYSTEM32\dhcpcsvc6.DLL
0x00007ffac62f0000 - 0x00007ffac630d000 	C:\Windows\SYSTEM32\dhcpcsvc.DLL
0x00007ffac7f60000 - 0x00007ffac7f6e000 	C:\Users\hp\.p2\pool\plugins\org.eclipse.justj.openjdk.hotspot.jre.full.win32.x86_64_17.0.2.v20220201-1208\jre\bin\sunmscapi.dll
0x00007ffaccfe0000 - 0x00007ffacd007000 	C:\Windows\SYSTEM32\ncrypt.dll
0x00007ffaccfa0000 - 0x00007ffaccfdb000 	C:\Windows\SYSTEM32\NTASN1.dll

dbghelp: loaded successfully - version: 4.0.5 - missing functions: none
symbol engine: initialized successfully - sym options: 0x614 - pdb path: .;C:\Users\hp\.p2\pool\plugins\org.eclipse.justj.openjdk.hotspot.jre.full.win32.x86_64_17.0.2.v20220201-1208\jre\bin;C:\Windows\SYSTEM32;C:\Windows\WinSxS\amd64_microsoft.windows.common-controls_6595b64144ccf1df_6.0.19041.1110_none_60b5254171f9507e;C:\Users\hp\.p2\pool\plugins\org.eclipse.justj.openjdk.hotspot.jre.full.win32.x86_64_17.0.2.v20220201-1208\jre\bin\server;C:\Users\hp\AppData\Local\Temp\flatlaf.temp;C:\Windows\WinSxS\amd64_microsoft.windows.common-controls_6595b64144ccf1df_5.82.19041.1110_none_792d1c772443f647;C:\Windows\WinSxS\amd64_microsoft.windows.gdiplus_6595b64144ccf1df_1.1.19041.1645_none_91a2a668cc89980b

VM Arguments:
jvm_args: -XX:+ShowCodeDetailsInExceptionMessages -agentlib:jdwp=transport=dt_socket,suspend=y,address=localhost:56048 -javaagent:C:\Users\hp\eclipse\java-2022-03\eclipse\configuration\org.eclipse.osgi\225\0\.cp\lib\javaagent-shaded.jar -Dfile.encoding=Cp1252 
java_command: accesstopostgre.Application
java_class_path (initial): C:\Users\hp\Desktop\AccessToPostgre\bin;C:\Users\hp\Desktop\AccessToPostgre\libs\commons-lang3-3.8.1.jar;C:\Users\hp\Desktop\AccessToPostgre\libs\commons-logging-1.2.jar;C:\Users\hp\Desktop\AccessToPostgre\libs\hsqldb-2.5.0.jar;C:\Users\hp\Desktop\AccessToPostgre\libs\jackcess-3.0.1.jar;C:\Users\hp\Desktop\AccessToPostgre\libs\ucanaccess-5.0.1.jar;C:\Users\hp\Desktop\AccessToPostgre\libs\postgresql-42.3.4.jar;C:\Users\hp\Desktop\AccessToPostgre\libs\flatlaf-2.3.jar;C:\Users\hp\Desktop\AccessToPostgre\libs\commons-io-2.11.0.jar;C:\Users\hp\Desktop\AccessToPostgre\libs\commons-io-2.11.0-javadoc.jar;C:\Users\hp\Desktop\AccessToPostgre\libs\commons-io-2.11.0-sources.jar;C:\Users\hp\Desktop\AccessToPostgre\libs\commons-io-2.11.0-tests.jar;C:\Users\hp\Desktop\AccessToPostgre\libs\commons-io-2.11.0-test-sources.jar
Launcher Type: SUN_STANDARD

[Global flags]
     intx CICompilerCount                          = 4                                         {product} {ergonomic}
     uint ConcGCThreads                            = 3                                         {product} {ergonomic}
     uint G1ConcRefinementThreads                  = 10                                        {product} {ergonomic}
   size_t G1HeapRegionSize                         = 2097152                                   {product} {ergonomic}
    uintx GCDrainStackTargetSize                   = 64                                        {product} {ergonomic}
   size_t InitialHeapSize                          = 268435456                                 {product} {ergonomic}
   size_t MarkStackSize                            = 4194304                                   {product} {ergonomic}
   size_t MaxHeapSize                              = 4263510016                                {product} {ergonomic}
   size_t MaxNewSize                               = 2556428288                                {product} {ergonomic}
   size_t MinHeapDeltaBytes                        = 2097152                                   {product} {ergonomic}
   size_t MinHeapSize                              = 8388608                                   {product} {ergonomic}
    uintx NonNMethodCodeHeapSize                   = 5839372                                {pd product} {ergonomic}
    uintx NonProfiledCodeHeapSize                  = 122909434                              {pd product} {ergonomic}
    uintx ProfiledCodeHeapSize                     = 122909434                              {pd product} {ergonomic}
    uintx ReservedCodeCacheSize                    = 251658240                              {pd product} {ergonomic}
     bool SegmentedCodeCache                       = true                                      {product} {ergonomic}
     bool ShowCodeDetailsInExceptionMessages       = true                                   {manageable} {command line}
   size_t SoftMaxHeapSize                          = 4263510016                             {manageable} {ergonomic}
     bool UseCompressedClassPointers               = true                           {product lp64_product} {ergonomic}
     bool UseCompressedOops                        = true                           {product lp64_product} {ergonomic}
     bool UseG1GC                                  = true                                      {product} {ergonomic}
     bool UseLargePagesIndividualAllocation        = false                                  {pd product} {ergonomic}

Logging:
Log output configuration:
 #0: stdout all=warning uptime,level,tags
 #1: stderr all=off uptime,level,tags

Environment Variables:
PATH=C:/Users/hp/.p2/pool/plugins/org.eclipse.justj.openjdk.hotspot.jre.full.win32.x86_64_17.0.2.v20220201-1208/jre/bin/server;C:/Users/hp/.p2/pool/plugins/org.eclipse.justj.openjdk.hotspot.jre.full.win32.x86_64_17.0.2.v20220201-1208/jre/bin;C:\app\hp\product\21c\dbhomeXE\bin;C:\Program Files\Common Files\Oracle\Java\javapath;C:\Windows\system32;C:\Windows;C:\Windows\System32\Wbem;C:\Windows\System32\WindowsPowerShell\v1.0\;C:\Windows\System32\OpenSSH\;C:\Program Files (x86)\NVIDIA Corporation\PhysX\Common;C:\Users\hp;C:\MinGW\bin;C:\Users\hp\.p2\pool\plugins\org.eclipse.justj.openjdk.hotspot.jre.full.win32.x86_64_17.0.2.v20220201-1208\jre\bin;C:\Users\hp\AppData\Local\Programs\Microsoft VS Code\bin;C:\Users\hp\AppData\Local\GitHubDesktop\bin;C:\Users\hp\Desktop\AccessToPostgre\src\accesstopostgre;
USERNAME=hp
OS=Windows_NT
PROCESSOR_IDENTIFIER=Intel64 Family 6 Model 158 Stepping 10, GenuineIntel



---------------  S Y S T E M  ---------------

OS:
 Windows 10 , 64 bit Build 19041 (10.0.19041.1645)
OS uptime: 2 days 4:41 hours

CPU: total 12 (initial active 12) (6 cores per cpu, 2 threads per core) family 6 model 158 stepping 10 microcode 0xde, cx8, cmov, fxsr, ht, mmx, 3dnowpref, sse, sse2, sse3, ssse3, sse4.1, sse4.2, popcnt, lzcnt, tsc, tscinvbit, avx, avx2, aes, erms, clmul, bmi1, bmi2, adx, fma, vzeroupper, clflush, clflushopt

Memory: 4k page, system-wide physical 16258M (6848M free)
TotalPageFile size 18690M (AvailPageFile size 5562M)
current process WorkingSet (physical memory assigned to process): 174M, peak: 250M
current process commit charge ("private bytes"): 302M, peak: 393M

vm_info: OpenJDK 64-Bit Server VM (17.0.2+8) for windows-amd64 JRE (17.0.2+8), built on Jan 20 2022 04:52:34 by "" with MS VC++ 16.7 (VS2019)

END.
